2021-12-27 23:00:35 DEBUG logging:28 - Logging Provider: org.jboss.logging.Log4jLoggerProvider
<<<<<<< HEAD
<<<<<<< HEAD
2021-12-28 20:51:10 DEBUG logging:28 - Logging Provider: org.jboss.logging.Log4jLoggerProvider
2021-12-28 20:54:02 DEBUG logging:28 - Logging Provider: org.jboss.logging.Log4jLoggerProvider
2021-12-28 21:16:22 DEBUG logging:28 - Logging Provider: org.jboss.logging.Log4jLoggerProvider
2021-12-28 21:30:06 DEBUG logging:28 - Logging Provider: org.jboss.logging.Log4jLoggerProvider
2021-12-28 21:33:18 DEBUG logging:28 - Logging Provider: org.jboss.logging.Log4jLoggerProvider
2021-12-28 21:36:12 DEBUG logging:28 - Logging Provider: org.jboss.logging.Log4jLoggerProvider
2021-12-28 21:40:54 DEBUG logging:28 - Logging Provider: org.jboss.logging.Log4jLoggerProvider
2021-12-28 21:55:21 DEBUG logging:28 - Logging Provider: org.jboss.logging.Log4jLoggerProvider
2021-12-28 21:57:17 DEBUG logging:28 - Logging Provider: org.jboss.logging.Log4jLoggerProvider
2021-12-28 21:58:19 DEBUG logging:28 - Logging Provider: org.jboss.logging.Log4jLoggerProvider
2021-12-28 22:09:45 DEBUG logging:28 - Logging Provider: org.jboss.logging.Log4jLoggerProvider
2021-12-28 22:12:02 DEBUG logging:28 - Logging Provider: org.jboss.logging.Log4jLoggerProvider
2021-12-28 22:30:47 DEBUG logging:28 - Logging Provider: org.jboss.logging.Log4jLoggerProvider
2021-12-28 22:47:41 DEBUG logging:28 - Logging Provider: org.jboss.logging.Log4jLoggerProvider
=======
=======
>>>>>>> origin/main
2021-12-28 13:36:19 DEBUG logging:28 - Logging Provider: org.jboss.logging.Log4jLoggerProvider
2021-12-28 13:42:37 DEBUG logging:28 - Logging Provider: org.jboss.logging.Log4jLoggerProvider
2021-12-28 14:42:03 DEBUG logging:28 - Logging Provider: org.jboss.logging.Log4jLoggerProvider
2021-12-28 15:11:38 DEBUG logging:28 - Logging Provider: org.jboss.logging.Log4jLoggerProvider
2021-12-28 15:12:38 DEBUG logging:28 - Logging Provider: org.jboss.logging.Log4jLoggerProvider
2021-12-28 15:13:58 DEBUG logging:28 - Logging Provider: org.jboss.logging.Log4jLoggerProvider
2021-12-28 15:15:02 DEBUG logging:28 - Logging Provider: org.jboss.logging.Log4jLoggerProvider
2021-12-28 15:21:27 DEBUG logging:28 - Logging Provider: org.jboss.logging.Log4jLoggerProvider
2021-12-28 15:22:01 DEBUG logging:28 - Logging Provider: org.jboss.logging.Log4jLoggerProvider
2021-12-28 15:30:52 DEBUG logging:28 - Logging Provider: org.jboss.logging.Log4jLoggerProvider
2021-12-28 15:31:29 DEBUG logging:28 - Logging Provider: org.jboss.logging.Log4jLoggerProvider
2021-12-28 15:40:29 DEBUG logging:28 - Logging Provider: org.jboss.logging.Log4jLoggerProvider
2021-12-28 15:44:53 DEBUG logging:28 - Logging Provider: org.jboss.logging.Log4jLoggerProvider
2021-12-28 16:01:32 DEBUG logging:28 - Logging Provider: org.jboss.logging.Log4jLoggerProvider
2021-12-28 16:05:16 DEBUG logging:28 - Logging Provider: org.jboss.logging.Log4jLoggerProvider
2021-12-28 16:05:45 DEBUG logging:28 - Logging Provider: org.jboss.logging.Log4jLoggerProvider
2021-12-28 16:07:25 DEBUG logging:28 - Logging Provider: org.jboss.logging.Log4jLoggerProvider
2021-12-28 16:10:40 DEBUG logging:28 - Logging Provider: org.jboss.logging.Log4jLoggerProvider
2021-12-28 16:16:25 DEBUG logging:28 - Logging Provider: org.jboss.logging.Log4jLoggerProvider
2021-12-28 16:17:19 DEBUG logging:28 - Logging Provider: org.jboss.logging.Log4jLoggerProvider
2021-12-28 16:17:44 DEBUG logging:28 - Logging Provider: org.jboss.logging.Log4jLoggerProvider
2021-12-28 16:21:48 DEBUG logging:28 - Logging Provider: org.jboss.logging.Log4jLoggerProvider
2021-12-28 16:22:16 DEBUG logging:28 - Logging Provider: org.jboss.logging.Log4jLoggerProvider
2021-12-28 16:22:28 DEBUG logging:28 - Logging Provider: org.jboss.logging.Log4jLoggerProvider
2021-12-28 16:23:38 DEBUG logging:28 - Logging Provider: org.jboss.logging.Log4jLoggerProvider
2021-12-28 16:26:06 DEBUG logging:28 - Logging Provider: org.jboss.logging.Log4jLoggerProvider
2021-12-28 16:26:18 DEBUG logging:28 - Logging Provider: org.jboss.logging.Log4jLoggerProvider
2021-12-28 16:28:05 DEBUG logging:28 - Logging Provider: org.jboss.logging.Log4jLoggerProvider
2021-12-28 16:33:41 DEBUG logging:28 - Logging Provider: org.jboss.logging.Log4jLoggerProvider
2021-12-28 16:36:40 DEBUG logging:28 - Logging Provider: org.jboss.logging.Log4jLoggerProvider
2021-12-28 16:37:04 DEBUG logging:28 - Logging Provider: org.jboss.logging.Log4jLoggerProvider
2021-12-28 16:39:23 DEBUG logging:28 - Logging Provider: org.jboss.logging.Log4jLoggerProvider
2021-12-28 16:41:56 DEBUG logging:28 - Logging Provider: org.jboss.logging.Log4jLoggerProvider
2021-12-28 16:47:25 DEBUG logging:28 - Logging Provider: org.jboss.logging.Log4jLoggerProvider
2021-12-28 16:51:31 DEBUG logging:28 - Logging Provider: org.jboss.logging.Log4jLoggerProvider
2021-12-28 16:51:44 DEBUG logging:28 - Logging Provider: org.jboss.logging.Log4jLoggerProvider
2021-12-28 16:59:16 DEBUG logging:28 - Logging Provider: org.jboss.logging.Log4jLoggerProvider
2021-12-28 17:03:59 DEBUG logging:28 - Logging Provider: org.jboss.logging.Log4jLoggerProvider
2021-12-28 17:04:23 DEBUG logging:28 - Logging Provider: org.jboss.logging.Log4jLoggerProvider
2021-12-28 17:16:58 DEBUG logging:28 - Logging Provider: org.jboss.logging.Log4jLoggerProvider
2021-12-28 17:24:13 DEBUG logging:28 - Logging Provider: org.jboss.logging.Log4jLoggerProvider
2021-12-28 17:27:03 DEBUG logging:28 - Logging Provider: org.jboss.logging.Log4jLoggerProvider
2021-12-28 17:27:21 DEBUG logging:28 - Logging Provider: org.jboss.logging.Log4jLoggerProvider
2021-12-28 17:28:02 DEBUG logging:28 - Logging Provider: org.jboss.logging.Log4jLoggerProvider
2021-12-28 19:17:01 DEBUG logging:28 - Logging Provider: org.jboss.logging.Log4jLoggerProvider
2021-12-28 19:17:42 DEBUG logging:28 - Logging Provider: org.jboss.logging.Log4jLoggerProvider
2021-12-28 19:17:56 DEBUG logging:28 - Logging Provider: org.jboss.logging.Log4jLoggerProvider
2021-12-28 19:18:40 DEBUG logging:28 - Logging Provider: org.jboss.logging.Log4jLoggerProvider
2021-12-28 19:19:42 DEBUG logging:28 - Logging Provider: org.jboss.logging.Log4jLoggerProvider
2021-12-28 19:26:27 DEBUG logging:28 - Logging Provider: org.jboss.logging.Log4jLoggerProvider
2021-12-28 19:28:12 DEBUG logging:28 - Logging Provider: org.jboss.logging.Log4jLoggerProvider
2021-12-28 19:29:34 DEBUG logging:28 - Logging Provider: org.jboss.logging.Log4jLoggerProvider
2021-12-28 19:30:06 DEBUG logging:28 - Logging Provider: org.jboss.logging.Log4jLoggerProvider
2021-12-28 20:09:03 DEBUG logging:28 - Logging Provider: org.jboss.logging.Log4jLoggerProvider
2021-12-28 20:09:14 DEBUG logging:28 - Logging Provider: org.jboss.logging.Log4jLoggerProvider
2021-12-28 20:09:41 DEBUG logging:28 - Logging Provider: org.jboss.logging.Log4jLoggerProvider
2021-12-28 20:10:07 DEBUG logging:28 - Logging Provider: org.jboss.logging.Log4jLoggerProvider
2021-12-28 20:15:59 DEBUG logging:28 - Logging Provider: org.jboss.logging.Log4jLoggerProvider
2021-12-28 20:21:24 DEBUG logging:28 - Logging Provider: org.jboss.logging.Log4jLoggerProvider
2021-12-28 20:34:41 DEBUG logging:28 - Logging Provider: org.jboss.logging.Log4jLoggerProvider
2021-12-28 20:36:50 DEBUG logging:28 - Logging Provider: org.jboss.logging.Log4jLoggerProvider
2021-12-28 20:38:57 DEBUG logging:28 - Logging Provider: org.jboss.logging.Log4jLoggerProvider
2021-12-28 20:51:12 DEBUG logging:28 - Logging Provider: org.jboss.logging.Log4jLoggerProvider
2021-12-28 20:51:44 DEBUG logging:28 - Logging Provider: org.jboss.logging.Log4jLoggerProvider
2021-12-28 21:03:27 DEBUG logging:28 - Logging Provider: org.jboss.logging.Log4jLoggerProvider
2021-12-28 21:03:56 DEBUG logging:28 - Logging Provider: org.jboss.logging.Log4jLoggerProvider
2021-12-28 21:04:10 DEBUG logging:28 - Logging Provider: org.jboss.logging.Log4jLoggerProvider
2021-12-28 21:06:34 DEBUG logging:28 - Logging Provider: org.jboss.logging.Log4jLoggerProvider
2021-12-28 21:08:32 DEBUG logging:28 - Logging Provider: org.jboss.logging.Log4jLoggerProvider
2021-12-28 21:17:19 DEBUG logging:28 - Logging Provider: org.jboss.logging.Log4jLoggerProvider
2021-12-28 21:18:07 DEBUG logging:28 - Logging Provider: org.jboss.logging.Log4jLoggerProvider
2021-12-29 10:33:19 DEBUG logging:28 - Logging Provider: org.jboss.logging.Log4jLoggerProvider
<<<<<<< HEAD
>>>>>>> origin/main
=======
=======
2021-12-28 20:51:10 DEBUG logging:28 - Logging Provider: org.jboss.logging.Log4jLoggerProvider
2021-12-28 20:54:02 DEBUG logging:28 - Logging Provider: org.jboss.logging.Log4jLoggerProvider
2021-12-28 21:16:22 DEBUG logging:28 - Logging Provider: org.jboss.logging.Log4jLoggerProvider
2021-12-28 21:30:06 DEBUG logging:28 - Logging Provider: org.jboss.logging.Log4jLoggerProvider
2021-12-28 21:33:18 DEBUG logging:28 - Logging Provider: org.jboss.logging.Log4jLoggerProvider
2021-12-28 21:36:12 DEBUG logging:28 - Logging Provider: org.jboss.logging.Log4jLoggerProvider
2021-12-28 21:40:54 DEBUG logging:28 - Logging Provider: org.jboss.logging.Log4jLoggerProvider
2021-12-28 21:55:21 DEBUG logging:28 - Logging Provider: org.jboss.logging.Log4jLoggerProvider
2021-12-28 21:57:17 DEBUG logging:28 - Logging Provider: org.jboss.logging.Log4jLoggerProvider
2021-12-28 21:58:19 DEBUG logging:28 - Logging Provider: org.jboss.logging.Log4jLoggerProvider
2021-12-28 22:09:45 DEBUG logging:28 - Logging Provider: org.jboss.logging.Log4jLoggerProvider
2021-12-28 22:12:02 DEBUG logging:28 - Logging Provider: org.jboss.logging.Log4jLoggerProvider
2021-12-28 22:30:47 DEBUG logging:28 - Logging Provider: org.jboss.logging.Log4jLoggerProvider
2021-12-28 22:47:41 DEBUG logging:28 - Logging Provider: org.jboss.logging.Log4jLoggerProvider
>>>>>>> Lorna
>>>>>>> origin/main
